Started GET "/list/index" for ::1 at 2017-04-11 12:07:59 +1000
  
ActiveRecord::PendingMigrationError (

Migrations are pending. To resolve this issue, run:

        bin/rails db:migrate RAILS_ENV=development

):
  
activerecord (5.0.2) lib/active_record/migration.rb:573:in `check_pending!'
activerecord (5.0.2) lib/active_record/migration.rb:549:in `call'
actionpack (5.0.2) lib/action_dispatch/middleware/callbacks.rb:38:in `block in call'
activesupport (5.0.2) lib/active_support/callbacks.rb:97:in `__run_callbacks__'
activesupport (5.0.2) lib/active_support/callbacks.rb:750:in `_run_call_callbacks'
activesupport (5.0.2) lib/active_support/callbacks.rb:90:in `run_callbacks'
actionpack (5.0.2) lib/action_dispatch/middleware/callbacks.rb:36:in `call'
actionpack (5.0.2) lib/action_dispatch/middleware/executor.rb:12:in `call'
actionpack (5.0.2) lib/action_dispatch/middleware/remote_ip.rb:79:in `call'
actionpack (5.0.2) lib/action_dispatch/middleware/debug_exceptions.rb:49:in `call'
web-console (3.5.0) lib/web_console/middleware.rb:135:in `call_app'
web-console (3.5.0) lib/web_console/middleware.rb:28:in `block in call'
web-console (3.5.0) lib/web_console/middleware.rb:18:in `catch'
web-console (3.5.0) lib/web_console/middleware.rb:18:in `call'
actionpack (5.0.2) lib/action_dispatch/middleware/show_exceptions.rb:31:in `call'
railties (5.0.2) lib/rails/rack/logger.rb:36:in `call_app'
railties (5.0.2) lib/rails/rack/logger.rb:24:in `block in call'
activesupport (5.0.2) lib/active_support/tagged_logging.rb:69:in `block in tagged'
activesupport (5.0.2) lib/active_support/tagged_logging.rb:26:in `tagged'
activesupport (5.0.2) lib/active_support/tagged_logging.rb:69:in `tagged'
railties (5.0.2) lib/rails/rack/logger.rb:24:in `call'
sprockets-rails (3.2.0) lib/sprockets/rails/quiet_assets.rb:13:in `call'
actionpack (5.0.2) lib/action_dispatch/middleware/request_id.rb:24:in `call'
rack (2.0.1) lib/rack/method_override.rb:22:in `call'
rack (2.0.1) lib/rack/runtime.rb:22:in `call'
activesupport (5.0.2) lib/active_support/cache/strategy/local_cache_middleware.rb:28:in `call'
actionpack (5.0.2) lib/action_dispatch/middleware/executor.rb:12:in `call'
actionpack (5.0.2) lib/action_dispatch/middleware/static.rb:136:in `call'
rack (2.0.1) lib/rack/sendfile.rb:111:in `call'
railties (5.0.2) lib/rails/engine.rb:522:in `call'
puma (3.8.2) lib/puma/configuration.rb:224:in `call'
puma (3.8.2) lib/puma/server.rb:600:in `handle_request'
puma (3.8.2) lib/puma/server.rb:435:in `process_client'
puma (3.8.2) lib/puma/server.rb:299:in `block in run'
puma (3.8.2) lib/puma/thread_pool.rb:120:in `block in spawn_thread'
  Rendering /Users/vinny/.gem/ruby/2.4.0/gems/actionpack-5.0.2/lib/action_dispatch/middleware/templates/rescues/diagnostics.html.erb within rescues/layout
  Rendering /Users/vinny/.gem/ruby/2.4.0/gems/actionpack-5.0.2/lib/action_dispatch/middleware/templates/rescues/_source.html.erb
  Rendered /Users/vinny/.gem/ruby/2.4.0/gems/actionpack-5.0.2/lib/action_dispatch/middleware/templates/rescues/_source.html.erb (2.7ms)
  Rendering /Users/vinny/.gem/ruby/2.4.0/gems/actionpack-5.0.2/lib/action_dispatch/middleware/templates/rescues/_trace.html.erb
  Rendered /Users/vinny/.gem/ruby/2.4.0/gems/actionpack-5.0.2/lib/action_dispatch/middleware/templates/rescues/_trace.html.erb (2.0ms)
  Rendering /Users/vinny/.gem/ruby/2.4.0/gems/actionpack-5.0.2/lib/action_dispatch/middleware/templates/rescues/_request_and_response.html.erb
  Rendered /Users/vinny/.gem/ruby/2.4.0/gems/actionpack-5.0.2/lib/action_dispatch/middleware/templates/rescues/_request_and_response.html.erb (2.4ms)
  Rendered /Users/vinny/.gem/ruby/2.4.0/gems/actionpack-5.0.2/lib/action_dispatch/middleware/templates/rescues/diagnostics.html.erb within rescues/layout (89.6ms)
  [1m[35m (1.2ms)[0m  [1m[35mCREATE TABLE "schema_migrations" ("version" varchar NOT NULL PRIMARY KEY)[0m
  [1m[35m (1.6ms)[0m  [1m[35mCREATE TABLE "ar_internal_metadata" ("key" varchar NOT NULL PRIMARY KEY, "value" varchar, "created_at" datetime NOT NULL, "updated_at" datetime NOT NULL)[0m
  [1m[36mActiveRecord::SchemaMigration Load (0.2ms)[0m  [1m[34mSELECT "schema_migrations".* FROM "schema_migrations"[0m
Migrating to CreateItems (20170411020544)
  [1m[35m (0.1ms)[0m  [1m[36mbegin transaction[0m
  [1m[35m (0.8ms)[0m  [1m[35mCREATE TABLE "items" ("id" INTEGER PRIMARY KEY AUTOINCREMENT NOT NULL, "task" varchar, "date" varchar, "time" integer, "priority" integer, "created_at" datetime NOT NULL, "updated_at" datetime NOT NULL)[0m
  [1m[35mSQL (0.2ms)[0m  [1m[32mINSERT INTO "schema_migrations" ("version") VALUES (?)[0m  [["version", "20170411020544"]]
  [1m[35m (0.8ms)[0m  [1m[36mcommit transaction[0m
  [1m[36mActiveRecord::InternalMetadata Load (0.4ms)[0m  [1m[34mSELECT  "ar_internal_metadata".* FROM "ar_internal_metadata" WHERE "ar_internal_metadata"."key" = ? LIMIT ?[0m  [["key", :environment], ["LIMIT", 1]]
  [1m[35m (0.1ms)[0m  [1m[36mbegin transaction[0m
  [1m[35mSQL (0.5ms)[0m  [1m[32mINSERT INTO "ar_internal_metadata" ("key", "value", "created_at", "updated_at") VALUES (?, ?, ?, ?)[0m  [["key", "environment"], ["value", "development"], ["created_at", 2017-04-11 02:08:30 UTC], ["updated_at", 2017-04-11 02:08:30 UTC]]
  [1m[35m (0.9ms)[0m  [1m[36mcommit transaction[0m
  [1m[36mActiveRecord::SchemaMigration Load (0.1ms)[0m  [1m[34mSELECT "schema_migrations".* FROM "schema_migrations"[0m
Started GET "/list/index" for ::1 at 2017-04-11 12:08:36 +1000
Started GET "/list/index" for ::1 at 2017-04-11 12:08:46 +1000
  [1m[36mActiveRecord::SchemaMigration Load (0.2ms)[0m  [1m[34mSELECT "schema_migrations".* FROM "schema_migrations"[0m
Processing by ListController#index as HTML
  Rendering list/index.html.erb within layouts/application
  Rendered list/index.html.erb within layouts/application (0.5ms)
Completed 200 OK in 1138ms (Views: 1120.8ms | ActiveRecord: 0.0ms)


Processing by ListController#index as HTML
  Rendering list/index.html.erb within layouts/application
  Rendered list/index.html.erb within layouts/application (0.1ms)
Completed 200 OK in 29ms (Views: 26.2ms | ActiveRecord: 0.0ms)


Started GET "/items" for ::1 at 2017-04-11 12:19:15 +1000
Processing by ItemsController#index as HTML
  Rendering items/index.html.erb within layouts/application
  [1m[36mItem Load (1.2ms)[0m  [1m[34mSELECT "items".* FROM "items"[0m
  Rendered items/index.html.erb within layouts/application (8.5ms)
Completed 200 OK in 138ms (Views: 116.9ms | ActiveRecord: 1.5ms)


Started GET "/items/new" for ::1 at 2017-04-11 13:45:08 +1000
Processing by ItemsController#new as HTML
  Rendering items/new.html.erb within layouts/application
  Rendered items/_form.html.erb (73.6ms)
  Rendered items/new.html.erb within layouts/application (79.1ms)
Completed 200 OK in 172ms (Views: 139.3ms | ActiveRecord: 2.5ms)


Started POST "/items" for ::1 at 2017-04-11 13:47:17 +1000
Processing by ItemsController#create as HTML
  Parameters: {"utf8"=>"✓", "authenticity_token"=>"vycLmIo4+WJaToOu5Hv+GXA7mJfNgNBUlvbiMLemTEgtpK/CBXDN6FP73VoIyJkznH7GiHpfJD52iyzsbh2xcg==", "item"=>{"task"=>"1234", "date"=>"12/25/1997", "time"=>"45", "priority"=>"1"}, "commit"=>"Create Item"}
  [1m[35m (0.6ms)[0m  [1m[36mbegin transaction[0m
  [1m[35mSQL (2.3ms)[0m  [1m[32mINSERT INTO "items" ("task", "date", "time", "priority", "created_at", "updated_at") VALUES (?, ?, ?, ?, ?, ?)[0m  [["task", "1234"], ["date", "12/25/1997"], ["time", 45], ["priority", 1], ["created_at", 2017-04-11 03:47:17 UTC], ["updated_at", 2017-04-11 03:47:17 UTC]]
  [1m[35m (1.2ms)[0m  [1m[36mcommit transaction[0m
Redirected to http://localhost:3000/items/1
Completed 302 Found in 29ms (ActiveRecord: 4.1ms)


Started GET "/items/1" for ::1 at 2017-04-11 13:47:17 +1000
Processing by ItemsController#show as HTML
  Parameters: {"id"=>"1"}
  [1m[36mItem Load (0.3ms)[0m  [1m[34mSELECT  "items".* FROM "items" WHERE "items"."id" = ? LIMIT ?[0m  [["id", 1], ["LIMIT", 1]]
  Rendering items/show.html.erb within layouts/application
  Rendered items/show.html.erb within layouts/application (5.1ms)
Completed 200 OK in 77ms (Views: 66.5ms | ActiveRecord: 0.3ms)


Started GET "/items" for ::1 at 2017-04-11 13:47:19 +1000
Processing by ItemsController#index as HTML
  Rendering items/index.html.erb within layouts/application
  [1m[36mItem Load (0.2ms)[0m  [1m[34mSELECT "items".* FROM "items"[0m
  Rendered items/index.html.erb within layouts/application (3.6ms)
Completed 200 OK in 88ms (Views: 67.5ms | ActiveRecord: 0.2ms)


Started GET "/list" for ::1 at 2017-04-11 13:47:32 +1000
  
ActionController::RoutingError (No route matches [GET] "/list"):
  
actionpack (5.0.2) lib/action_dispatch/middleware/debug_exceptions.rb:53:in `call'
web-console (3.5.0) lib/web_console/middleware.rb:135:in `call_app'
web-console (3.5.0) lib/web_console/middleware.rb:28:in `block in call'
web-console (3.5.0) lib/web_console/middleware.rb:18:in `catch'
web-console (3.5.0) lib/web_console/middleware.rb:18:in `call'
actionpack (5.0.2) lib/action_dispatch/middleware/show_exceptions.rb:31:in `call'
railties (5.0.2) lib/rails/rack/logger.rb:36:in `call_app'
railties (5.0.2) lib/rails/rack/logger.rb:24:in `block in call'
activesupport (5.0.2) lib/active_support/tagged_logging.rb:69:in `block in tagged'
activesupport (5.0.2) lib/active_support/tagged_logging.rb:26:in `tagged'
activesupport (5.0.2) lib/active_support/tagged_logging.rb:69:in `tagged'
railties (5.0.2) lib/rails/rack/logger.rb:24:in `call'
sprockets-rails (3.2.0) lib/sprockets/rails/quiet_assets.rb:13:in `call'
actionpack (5.0.2) lib/action_dispatch/middleware/request_id.rb:24:in `call'
rack (2.0.1) lib/rack/method_override.rb:22:in `call'
rack (2.0.1) lib/rack/runtime.rb:22:in `call'
activesupport (5.0.2) lib/active_support/cache/strategy/local_cache_middleware.rb:28:in `call'
actionpack (5.0.2) lib/action_dispatch/middleware/executor.rb:12:in `call'
actionpack (5.0.2) lib/action_dispatch/middleware/static.rb:136:in `call'
rack (2.0.1) lib/rack/sendfile.rb:111:in `call'
railties (5.0.2) lib/rails/engine.rb:522:in `call'
puma (3.8.2) lib/puma/configuration.rb:224:in `call'
puma (3.8.2) lib/puma/server.rb:600:in `handle_request'
puma (3.8.2) lib/puma/server.rb:435:in `process_client'
puma (3.8.2) lib/puma/server.rb:299:in `block in run'
puma (3.8.2) lib/puma/thread_pool.rb:120:in `block in spawn_thread'
  Rendering /Users/vinny/.gem/ruby/2.4.0/gems/actionpack-5.0.2/lib/action_dispatch/middleware/templates/rescues/routing_error.html.erb within rescues/layout
  Rendering /Users/vinny/.gem/ruby/2.4.0/gems/actionpack-5.0.2/lib/action_dispatch/middleware/templates/rescues/_trace.html.erb
  Rendered /Users/vinny/.gem/ruby/2.4.0/gems/actionpack-5.0.2/lib/action_dispatch/middleware/templates/rescues/_trace.html.erb (2.3ms)
  Rendered collection of /Users/vinny/.gem/ruby/2.4.0/gems/actionpack-5.0.2/lib/action_dispatch/middleware/templates/routes/_route.html.erb [9 times] (29.7ms)
  Rendered /Users/vinny/.gem/ruby/2.4.0/gems/actionpack-5.0.2/lib/action_dispatch/middleware/templates/routes/_table.html.erb (2.9ms)
  Rendering /Users/vinny/.gem/ruby/2.4.0/gems/actionpack-5.0.2/lib/action_dispatch/middleware/templates/rescues/_request_and_response.html.erb
  Rendered /Users/vinny/.gem/ruby/2.4.0/gems/actionpack-5.0.2/lib/action_dispatch/middleware/templates/rescues/_request_and_response.html.erb (2.2ms)
  Rendered /Users/vinny/.gem/ruby/2.4.0/gems/actionpack-5.0.2/lib/action_dispatch/middleware/templates/rescues/routing_error.html.erb within rescues/layout (134.6ms)
Started GET "/list/index" for ::1 at 2017-04-11 13:47:37 +1000
Processing by ListController#index as HTML
  Rendering list/index.html.erb within layouts/application
  [1m[36mItem Load (0.4ms)[0m  [1m[34mSELECT "items".* FROM "items"[0m
  Rendered list/index.html.erb within layouts/application (1.6ms)
Completed 200 OK in 46ms (Views: 42.6ms | ActiveRecord: 0.4ms)


Started GET "/list/index" for ::1 at 2017-04-11 13:48:10 +1000
Processing by ListController#index as HTML
  Rendering list/index.html.erb within layouts/application
  [1m[36mItem Load (0.4ms)[0m  [1m[34mSELECT "items".* FROM "items"[0m
  Rendered list/index.html.erb within layouts/application (1.9ms)
Completed 200 OK in 48ms (Views: 45.4ms | ActiveRecord: 0.4ms)


Started GET "/list/index" for ::1 at 2017-04-11 13:50:17 +1000
Processing by ListController#index as HTML
  Rendering list/index.html.erb within layouts/application
  [1m[36mItem Load (1.4ms)[0m  [1m[34mSELECT "items".* FROM "items"[0m
  Rendered list/index.html.erb within layouts/application (14.0ms)
Completed 200 OK in 188ms (Views: 176.7ms | ActiveRecord: 1.4ms)


Started GET "/list/index" for ::1 at 2017-04-11 13:50:19 +1000
Processing by ListController#index as HTML
  Rendering list/index.html.erb within layouts/application
  [1m[36mItem Load (0.4ms)[0m  [1m[34mSELECT "items".* FROM "items"[0m
  Rendered list/index.html.erb within layouts/application (3.1ms)
Completed 200 OK in 42ms (Views: 39.0ms | ActiveRecord: 0.4ms)


Started GET "/list/index" for ::1 at 2017-04-11 13:50:20 +1000
Processing by ListController#index as HTML
  Rendering list/index.html.erb within layouts/application
  [1m[36mItem Load (0.2ms)[0m  [1m[34mSELECT "items".* FROM "items"[0m
  Rendered list/index.html.erb within layouts/application (1.8ms)
Completed 200 OK in 36ms (Views: 32.9ms | ActiveRecord: 0.2ms)


Started GET "/list/index" for ::1 at 2017-04-11 13:50:33 +1000
Processing by ListController#index as HTML
  Rendering list/index.html.erb within layouts/application
  [1m[36mItem Load (0.3ms)[0m  [1m[34mSELECT "items".* FROM "items"[0m
  Rendered list/index.html.erb within layouts/application (2.0ms)
Completed 200 OK in 63ms (Views: 60.6ms | ActiveRecord: 0.3ms)


Started GET "/list/index" for ::1 at 2017-04-11 13:50:48 +1000
Processing by ListController#index as HTML
  Rendering list/index.html.erb within layouts/application
  [1m[36mItem Load (0.2ms)[0m  [1m[34mSELECT "items".* FROM "items"[0m
  Rendered list/index.html.erb within layouts/application (2.0ms)
Completed 200 OK in 69ms (Views: 64.7ms | ActiveRecord: 0.2ms)


Started GET "/list/index" for ::1 at 2017-04-11 13:50:55 +1000
Processing by ListController#index as HTML
  Rendering list/index.html.erb within layouts/application
  [1m[36mItem Load (0.4ms)[0m  [1m[34mSELECT "items".* FROM "items"[0m
  Rendered list/index.html.erb within layouts/application (1.6ms)
Completed 200 OK in 71ms (Views: 66.7ms | ActiveRecord: 0.4ms)


Started GET "/list/index" for ::1 at 2017-04-11 13:51:39 +1000
Processing by ListController#index as HTML
  Rendering list/index.html.erb within layouts/application
  [1m[36mItem Load (1.0ms)[0m  [1m[34mSELECT "items".* FROM "items"[0m
  Rendered list/index.html.erb within layouts/application (15.6ms)
Completed 200 OK in 168ms (Views: 155.7ms | ActiveRecord: 1.0ms)


Started GET "/list/index" for ::1 at 2017-04-11 13:51:49 +1000
Processing by ListController#index as HTML
  Rendering list/index.html.erb within layouts/application
  [1m[36mItem Load (0.5ms)[0m  [1m[34mSELECT "items".* FROM "items"[0m
  Rendered list/index.html.erb within layouts/application (2.8ms)
Completed 200 OK in 69ms (Views: 64.2ms | ActiveRecord: 0.5ms)


Started GET "/list/index" for ::1 at 2017-04-11 13:52:28 +1000
Processing by ListController#index as HTML
  Rendering list/index.html.erb within layouts/application
  [1m[36mItem Load (7.0ms)[0m  [1m[34mSELECT "items".* FROM "items"[0m
  Rendered list/index.html.erb within layouts/application (36.9ms)
Completed 200 OK in 196ms (Views: 177.7ms | ActiveRecord: 7.0ms)


Started GET "/list/index" for ::1 at 2017-04-11 13:52:36 +1000
Processing by ListController#index as HTML
  Rendering list/index.html.erb within layouts/application
  [1m[36mItem Load (0.7ms)[0m  [1m[34mSELECT "items".* FROM "items"[0m
  Rendered list/index.html.erb within layouts/application (6.2ms)
Completed 200 OK in 111ms (Views: 108.0ms | ActiveRecord: 0.7ms)


Started GET "/list/index" for ::1 at 2017-04-11 13:52:52 +1000
Processing by ListController#index as HTML
  Rendering list/index.html.erb within layouts/application
  [1m[36mItem Load (0.4ms)[0m  [1m[34mSELECT "items".* FROM "items"[0m
  Rendered list/index.html.erb within layouts/application (2.5ms)
Completed 200 OK in 59ms (Views: 56.4ms | ActiveRecord: 0.4ms)


  [1m[36mActiveRecord::SchemaMigration Load (0.7ms)[0m  [1m[34mSELECT "schema_migrations".* FROM "schema_migrations"[0m
  [1m[35m (1.0ms)[0m  [1m[34mSELECT "ar_internal_metadata"."value" FROM "ar_internal_metadata" WHERE "ar_internal_metadata"."key" = ?[0m  [["key", :environment]]
  [1m[36mActiveRecord::SchemaMigration Load (0.8ms)[0m  [1m[34mSELECT "schema_migrations".* FROM "schema_migrations"[0m
  [1m[35m (0.1ms)[0m  [1m[34mSELECT "ar_internal_metadata"."value" FROM "ar_internal_metadata" WHERE "ar_internal_metadata"."key" = ?[0m  [["key", :environment]]
  [1m[36mActiveRecord::SchemaMigration Load (0.1ms)[0m  [1m[34mSELECT "schema_migrations".* FROM "schema_migrations"[0m
  [1m[35m (0.1ms)[0m  [1m[34mSELECT "ar_internal_metadata"."value" FROM "ar_internal_metadata" WHERE "ar_internal_metadata"."key" = ?[0m  [["key", :environment]]
DEPRECATION WARNING: Passing #original_exception is deprecated and has no effect. Exceptions will automatically capture the original exception. (called from block in execute at /Users/vinny/.rubies/ruby-2.4.0/lib/ruby/gems/2.4.0/gems/rake-12.0.0/lib/rake/task.rb:250)
  [1m[35m (1.4ms)[0m  [1m[35mCREATE TABLE "items" ("id" INTEGER PRIMARY KEY AUTOINCREMENT NOT NULL, "task" varchar, "date" varchar, "time" integer, "priority" integer, "created_at" datetime NOT NULL, "updated_at" datetime NOT NULL)[0m
  [1m[35m (1.1ms)[0m  [1m[35mCREATE TABLE "schema_migrations" ("version" varchar NOT NULL PRIMARY KEY)[0m
  [1m[35m (0.2ms)[0m  [1m[34mSELECT version FROM "schema_migrations"[0m
  [1m[35m (1.3ms)[0m  [1m[32mINSERT INTO "schema_migrations" (version) VALUES (20170411020544)[0m
  [1m[35m (2.7ms)[0m  [1m[35mCREATE TABLE "ar_internal_metadata" ("key" varchar NOT NULL PRIMARY KEY, "value" varchar, "created_at" datetime NOT NULL, "updated_at" datetime NOT NULL)[0m
  [1m[36mActiveRecord::InternalMetadata Load (0.2ms)[0m  [1m[34mSELECT  "ar_internal_metadata".* FROM "ar_internal_metadata" WHERE "ar_internal_metadata"."key" = ? LIMIT ?[0m  [["key", :environment], ["LIMIT", 1]]
  [1m[35m (0.1ms)[0m  [1m[36mbegin transaction[0m
  [1m[35mSQL (0.4ms)[0m  [1m[32mINSERT INTO "ar_internal_metadata" ("key", "value", "created_at", "updated_at") VALUES (?, ?, ?, ?)[0m  [["key", "environment"], ["value", "development"], ["created_at", 2017-04-11 04:02:43 UTC], ["updated_at", 2017-04-11 04:02:43 UTC]]
  [1m[35m (1.5ms)[0m  [1m[36mcommit transaction[0m
  [1m[36mActiveRecord::InternalMetadata Load (0.1ms)[0m  [1m[34mSELECT  "ar_internal_metadata".* FROM "ar_internal_metadata" WHERE "ar_internal_metadata"."key" = ? LIMIT ?[0m  [["key", :environment], ["LIMIT", 1]]
  [1m[35m (0.1ms)[0m  [1m[36mbegin transaction[0m
  [1m[35m (0.4ms)[0m  [1m[36mcommit transaction[0m
  [1m[35m (1.4ms)[0m  [1m[35mCREATE TABLE "items" ("id" INTEGER PRIMARY KEY AUTOINCREMENT NOT NULL, "task" varchar, "date" varchar, "time" integer, "priority" integer, "created_at" datetime NOT NULL, "updated_at" datetime NOT NULL)[0m
  [1m[35m (1.3ms)[0m  [1m[35mCREATE TABLE "schema_migrations" ("version" varchar NOT NULL PRIMARY KEY)[0m
  [1m[35m (0.2ms)[0m  [1m[34mSELECT version FROM "schema_migrations"[0m
  [1m[35m (1.0ms)[0m  [1m[32mINSERT INTO "schema_migrations" (version) VALUES (20170411020544)[0m
  [1m[35m (2.9ms)[0m  [1m[35mCREATE TABLE "ar_internal_metadata" ("key" varchar NOT NULL PRIMARY KEY, "value" varchar, "created_at" datetime NOT NULL, "updated_at" datetime NOT NULL)[0m
  [1m[36mActiveRecord::InternalMetadata Load (0.3ms)[0m  [1m[34mSELECT  "ar_internal_metadata".* FROM "ar_internal_metadata" WHERE "ar_internal_metadata"."key" = ? LIMIT ?[0m  [["key", :environment], ["LIMIT", 1]]
  [1m[35m (0.1ms)[0m  [1m[36mbegin transaction[0m
  [1m[35mSQL (0.4ms)[0m  [1m[32mINSERT INTO "ar_internal_metadata" ("key", "value", "created_at", "updated_at") VALUES (?, ?, ?, ?)[0m  [["key", "environment"], ["value", "development"], ["created_at", 2017-04-11 04:02:43 UTC], ["updated_at", 2017-04-11 04:02:43 UTC]]
  [1m[35m (0.8ms)[0m  [1m[36mcommit transaction[0m
  [1m[36mActiveRecord::InternalMetadata Load (0.1ms)[0m  [1m[34mSELECT  "ar_internal_metadata".* FROM "ar_internal_metadata" WHERE "ar_internal_metadata"."key" = ? LIMIT ?[0m  [["key", :environment], ["LIMIT", 1]]
  [1m[35m (0.0ms)[0m  [1m[36mbegin transaction[0m
  [1m[35m (0.5ms)[0m  [1m[36mcommit transaction[0m
  [1m[36mActiveRecord::SchemaMigration Load (0.1ms)[0m  [1m[34mSELECT "schema_migrations".* FROM "schema_migrations"[0m
  [1m[36mActiveRecord::SchemaMigration Load (0.6ms)[0m  [1m[34mSELECT "schema_migrations".* FROM "schema_migrations"[0m
  [1m[35m (1.2ms)[0m  [1m[34mSELECT "ar_internal_metadata"."value" FROM "ar_internal_metadata" WHERE "ar_internal_metadata"."key" = ?[0m  [["key", :environment]]
  [1m[36mActiveRecord::SchemaMigration Load (0.1ms)[0m  [1m[34mSELECT "schema_migrations".* FROM "schema_migrations"[0m
  [1m[35m (0.1ms)[0m  [1m[34mSELECT "ar_internal_metadata"."value" FROM "ar_internal_metadata" WHERE "ar_internal_metadata"."key" = ?[0m  [["key", :environment]]
  [1m[36mActiveRecord::SchemaMigration Load (0.1ms)[0m  [1m[34mSELECT "schema_migrations".* FROM "schema_migrations"[0m
  [1m[35m (0.6ms)[0m  [1m[34mSELECT "ar_internal_metadata"."value" FROM "ar_internal_metadata" WHERE "ar_internal_metadata"."key" = ?[0m  [["key", :environment]]
  [1m[35m (1.5ms)[0m  [1m[35mCREATE TABLE "items" ("id" INTEGER PRIMARY KEY AUTOINCREMENT NOT NULL, "task" varchar, "date" varchar, "time" integer, "priority" integer, "created_at" datetime NOT NULL, "updated_at" datetime NOT NULL)[0m
  [1m[35m (1.4ms)[0m  [1m[35mCREATE TABLE "schema_migrations" ("version" varchar NOT NULL PRIMARY KEY)[0m
  [1m[35m (0.3ms)[0m  [1m[34mSELECT version FROM "schema_migrations"[0m
  [1m[35m (1.0ms)[0m  [1m[32mINSERT INTO "schema_migrations" (version) VALUES (20170411020544)[0m
  [1m[35m (1.6ms)[0m  [1m[35mCREATE TABLE "ar_internal_metadata" ("key" varchar NOT NULL PRIMARY KEY, "value" varchar, "created_at" datetime NOT NULL, "updated_at" datetime NOT NULL)[0m
  [1m[36mActiveRecord::InternalMetadata Load (0.3ms)[0m  [1m[34mSELECT  "ar_internal_metadata".* FROM "ar_internal_metadata" WHERE "ar_internal_metadata"."key" = ? LIMIT ?[0m  [["key", :environment], ["LIMIT", 1]]
  [1m[35m (0.2ms)[0m  [1m[36mbegin transaction[0m
  [1m[35mSQL (0.7ms)[0m  [1m[32mINSERT INTO "ar_internal_metadata" ("key", "value", "created_at", "updated_at") VALUES (?, ?, ?, ?)[0m  [["key", "environment"], ["value", "development"], ["created_at", 2017-04-11 04:03:02 UTC], ["updated_at", 2017-04-11 04:03:02 UTC]]
  [1m[35m (0.9ms)[0m  [1m[36mcommit transaction[0m
  [1m[36mActiveRecord::InternalMetadata Load (0.1ms)[0m  [1m[34mSELECT  "ar_internal_metadata".* FROM "ar_internal_metadata" WHERE "ar_internal_metadata"."key" = ? LIMIT ?[0m  [["key", :environment], ["LIMIT", 1]]
  [1m[35m (0.1ms)[0m  [1m[36mbegin transaction[0m
  [1m[35m (0.1ms)[0m  [1m[36mcommit transaction[0m
  [1m[35m (2.1ms)[0m  [1m[35mCREATE TABLE "items" ("id" INTEGER PRIMARY KEY AUTOINCREMENT NOT NULL, "task" varchar, "date" varchar, "time" integer, "priority" integer, "created_at" datetime NOT NULL, "updated_at" datetime NOT NULL)[0m
  [1m[35m (1.3ms)[0m  [1m[35mCREATE TABLE "schema_migrations" ("version" varchar NOT NULL PRIMARY KEY)[0m
  [1m[35m (0.2ms)[0m  [1m[34mSELECT version FROM "schema_migrations"[0m
  [1m[35m (1.7ms)[0m  [1m[32mINSERT INTO "schema_migrations" (version) VALUES (20170411020544)[0m
  [1m[35m (1.2ms)[0m  [1m[35mCREATE TABLE "ar_internal_metadata" ("key" varchar NOT NULL PRIMARY KEY, "value" varchar, "created_at" datetime NOT NULL, "updated_at" datetime NOT NULL)[0m
  [1m[36mActiveRecord::InternalMetadata Load (0.3ms)[0m  [1m[34mSELECT  "ar_internal_metadata".* FROM "ar_internal_metadata" WHERE "ar_internal_metadata"."key" = ? LIMIT ?[0m  [["key", :environment], ["LIMIT", 1]]
  [1m[35m (0.1ms)[0m  [1m[36mbegin transaction[0m
  [1m[35mSQL (0.6ms)[0m  [1m[32mINSERT INTO "ar_internal_metadata" ("key", "value", "created_at", "updated_at") VALUES (?, ?, ?, ?)[0m  [["key", "environment"], ["value", "development"], ["created_at", 2017-04-11 04:03:02 UTC], ["updated_at", 2017-04-11 04:03:02 UTC]]
  [1m[35m (0.8ms)[0m  [1m[36mcommit transaction[0m
  [1m[36mActiveRecord::InternalMetadata Load (0.1ms)[0m  [1m[34mSELECT  "ar_internal_metadata".* FROM "ar_internal_metadata" WHERE "ar_internal_metadata"."key" = ? LIMIT ?[0m  [["key", :environment], ["LIMIT", 1]]
  [1m[35m (0.1ms)[0m  [1m[36mbegin transaction[0m
  [1m[35m (0.1ms)[0m  [1m[36mcommit transaction[0m
  [1m[36mActiveRecord::SchemaMigration Load (0.1ms)[0m  [1m[34mSELECT "schema_migrations".* FROM "schema_migrations"[0m
  [1m[35m (0.1ms)[0m  [1m[36mbegin transaction[0m
  [1m[35mSQL (0.6ms)[0m  [1m[32mINSERT INTO "items" ("task", "date", "time", "priority", "created_at", "updated_at") VALUES (?, ?, ?, ?, ?, ?)[0m  [["task", "Get Milk"], ["date", "12/04/2017"], ["time", 12], ["priority", 1], ["created_at", 2017-04-11 04:03:02 UTC], ["updated_at", 2017-04-11 04:03:02 UTC]]
  [1m[35m (0.6ms)[0m  [1m[36mcommit transaction[0m
  [1m[35m (0.1ms)[0m  [1m[36mbegin transaction[0m
  [1m[35mSQL (0.6ms)[0m  [1m[32mINSERT INTO "items" ("task", "date", "time", "priority", "created_at", "updated_at") VALUES (?, ?, ?, ?, ?, ?)[0m  [["task", "Buy Ingredients"], ["date", "12/04/2017"], ["time", 13], ["priority", 4], ["created_at", 2017-04-11 04:03:02 UTC], ["updated_at", 2017-04-11 04:03:02 UTC]]
  [1m[35m (1.1ms)[0m  [1m[36mcommit transaction[0m
  [1m[35m (0.1ms)[0m  [1m[36mbegin transaction[0m
  [1m[35mSQL (0.4ms)[0m  [1m[32mINSERT INTO "items" ("task", "date", "time", "priority", "created_at", "updated_at") VALUES (?, ?, ?, ?, ?, ?)[0m  [["task", "Get Shawty"], ["date", "12/04/2017"], ["time", 15], ["priority", 3], ["created_at", 2017-04-11 04:03:02 UTC], ["updated_at", 2017-04-11 04:03:02 UTC]]
  [1m[35m (1.0ms)[0m  [1m[36mcommit transaction[0m
  [1m[35m (0.1ms)[0m  [1m[36mbegin transaction[0m
  [1m[35mSQL (0.4ms)[0m  [1m[32mINSERT INTO "items" ("task", "date", "time", "priority", "created_at", "updated_at") VALUES (?, ?, ?, ?, ?, ?)[0m  [["task", "Cook a bomb meal"], ["date", "12/04/2017"], ["time", 16], ["priority", 2], ["created_at", 2017-04-11 04:03:02 UTC], ["updated_at", 2017-04-11 04:03:02 UTC]]
  [1m[35m (0.8ms)[0m  [1m[36mcommit transaction[0m
  [1m[35m (0.1ms)[0m  [1m[36mbegin transaction[0m
  [1m[35mSQL (0.3ms)[0m  [1m[32mINSERT INTO "items" ("task", "date", "time", "priority", "created_at", "updated_at") VALUES (?, ?, ?, ?, ?, ?)[0m  [["task", "Get Lit"], ["date", "12/04/2017"], ["time", 20], ["priority", 4], ["created_at", 2017-04-11 04:03:02 UTC], ["updated_at", 2017-04-11 04:03:02 UTC]]
  [1m[35m (0.7ms)[0m  [1m[36mcommit transaction[0m
Started GET "/items" for ::1 at 2017-04-11 14:03:14 +1000
Processing by ItemsController#index as HTML
  Rendering items/index.html.erb within layouts/application
  [1m[36mItem Load (1.2ms)[0m  [1m[34mSELECT "items".* FROM "items"[0m
  Rendered items/index.html.erb within layouts/application (19.1ms)
Completed 200 OK in 136ms (Views: 124.0ms | ActiveRecord: 1.2ms)


Started GET "/items" for ::1 at 2017-04-11 14:03:16 +1000
Processing by ItemsController#index as HTML
  Rendering items/index.html.erb within layouts/application
  [1m[36mItem Load (0.4ms)[0m  [1m[34mSELECT "items".* FROM "items"[0m
  Rendered items/index.html.erb within layouts/application (3.3ms)
Completed 200 OK in 44ms (Views: 40.9ms | ActiveRecord: 0.4ms)


Started GET "/items" for ::1 at 2017-04-11 14:03:17 +1000
Processing by ItemsController#index as HTML
  Rendering items/index.html.erb within layouts/application
  [1m[36mItem Load (0.4ms)[0m  [1m[34mSELECT "items".* FROM "items"[0m
  Rendered items/index.html.erb within layouts/application (2.8ms)
Completed 200 OK in 35ms (Views: 33.0ms | ActiveRecord: 0.4ms)


Started GET "/list/index" for ::1 at 2017-04-11 14:03:23 +1000
Processing by ListController#index as HTML
  Rendering list/index.html.erb within layouts/application
  [1m[36mItem Load (0.5ms)[0m  [1m[34mSELECT "items".* FROM "items"[0m
  Rendered list/index.html.erb within layouts/application (2.4ms)
Completed 200 OK in 32ms (Views: 29.3ms | ActiveRecord: 0.5ms)


Started GET "/items" for ::1 at 2017-04-11 14:04:06 +1000
Processing by ItemsController#index as HTML
  Rendering items/index.html.erb within layouts/application
  [1m[36mItem Load (0.3ms)[0m  [1m[34mSELECT "items".* FROM "items"[0m
  Rendered items/index.html.erb within layouts/application (3.5ms)
Completed 200 OK in 67ms (Views: 62.5ms | ActiveRecord: 0.3ms)


Started GET "/items" for ::1 at 2017-04-11 14:04:09 +1000
Processing by ItemsController#index as HTML
  Rendering items/index.html.erb within layouts/application
  [1m[36mItem Load (0.4ms)[0m  [1m[34mSELECT "items".* FROM "items"[0m
  Rendered items/index.html.erb within layouts/application (3.1ms)
Completed 200 OK in 46ms (Views: 41.8ms | ActiveRecord: 0.4ms)


Started GET "/items" for ::1 at 2017-04-11 14:04:10 +1000
Processing by ItemsController#index as HTML
  Rendering items/index.html.erb within layouts/application
  [1m[36mItem Load (0.3ms)[0m  [1m[34mSELECT "items".* FROM "items"[0m
  Rendered items/index.html.erb within layouts/application (2.3ms)
Completed 200 OK in 32ms (Views: 28.2ms | ActiveRecord: 0.3ms)


Started GET "/items" for ::1 at 2017-04-11 14:06:00 +1000
Processing by ItemsController#index as HTML
  Rendering items/index.html.erb within layouts/application
  [1m[36mItem Load (0.7ms)[0m  [1m[34mSELECT "items".* FROM "items"[0m
  Rendered items/index.html.erb within layouts/application (16.6ms)
Completed 200 OK in 108ms (Views: 85.1ms | ActiveRecord: 1.3ms)


Started GET "/items" for ::1 at 2017-04-11 14:06:11 +1000
Processing by ItemsController#index as HTML
  Rendering items/index.html.erb within layouts/application
  [1m[36mItem Load (0.8ms)[0m  [1m[34mSELECT "items".* FROM "items"[0m
  Rendered items/index.html.erb within layouts/application (11.3ms)
Completed 200 OK in 65ms (Views: 52.0ms | ActiveRecord: 1.6ms)


Started GET "/items" for ::1 at 2017-04-11 14:06:12 +1000
Processing by ItemsController#index as HTML
  Rendering items/index.html.erb within layouts/application
  [1m[36mItem Load (0.4ms)[0m  [1m[34mSELECT "items".* FROM "items"[0m
  Rendered items/index.html.erb within layouts/application (4.1ms)
Completed 200 OK in 40ms (Views: 36.1ms | ActiveRecord: 0.4ms)


Started GET "/items" for ::1 at 2017-04-11 14:06:16 +1000
Processing by ItemsController#index as HTML
  Rendering items/index.html.erb within layouts/application
  [1m[36mItem Load (0.4ms)[0m  [1m[34mSELECT "items".* FROM "items"[0m
  Rendered items/index.html.erb within layouts/application (13.9ms)
Completed 200 OK in 89ms (Views: 79.8ms | ActiveRecord: 1.3ms)


Started GET "/items" for ::1 at 2017-04-11 14:06:16 +1000
Processing by ItemsController#index as HTML
  Rendering items/index.html.erb within layouts/application
  [1m[36mItem Load (0.8ms)[0m  [1m[34mSELECT "items".* FROM "items"[0m
  Rendered items/index.html.erb within layouts/application (5.3ms)
Completed 200 OK in 53ms (Views: 49.3ms | ActiveRecord: 0.8ms)


  [1m[36mActiveRecord::SchemaMigration Load (0.7ms)[0m  [1m[34mSELECT "schema_migrations".* FROM "schema_migrations"[0m
  [1m[35m (1.1ms)[0m  [1m[34mSELECT "ar_internal_metadata"."value" FROM "ar_internal_metadata" WHERE "ar_internal_metadata"."key" = ?[0m  [["key", :environment]]
  [1m[36mActiveRecord::SchemaMigration Load (0.1ms)[0m  [1m[34mSELECT "schema_migrations".* FROM "schema_migrations"[0m
  [1m[35m (0.2ms)[0m  [1m[34mSELECT "ar_internal_metadata"."value" FROM "ar_internal_metadata" WHERE "ar_internal_metadata"."key" = ?[0m  [["key", :environment]]
  [1m[36mActiveRecord::SchemaMigration Load (0.1ms)[0m  [1m[34mSELECT "schema_migrations".* FROM "schema_migrations"[0m
  [1m[35m (0.1ms)[0m  [1m[34mSELECT "ar_internal_metadata"."value" FROM "ar_internal_metadata" WHERE "ar_internal_metadata"."key" = ?[0m  [["key", :environment]]
  [1m[35m (1.3ms)[0m  [1m[35mCREATE TABLE "items" ("id" INTEGER PRIMARY KEY AUTOINCREMENT NOT NULL, "task" varchar, "date" varchar, "time" integer, "priority" integer, "created_at" datetime NOT NULL, "updated_at" datetime NOT NULL)[0m
  [1m[35m (1.0ms)[0m  [1m[35mCREATE TABLE "schema_migrations" ("version" varchar NOT NULL PRIMARY KEY)[0m
  [1m[35m (0.2ms)[0m  [1m[34mSELECT version FROM "schema_migrations"[0m
  [1m[35m (1.0ms)[0m  [1m[32mINSERT INTO "schema_migrations" (version) VALUES (20170411020544)[0m
  [1m[35m (1.1ms)[0m  [1m[35mCREATE TABLE "ar_internal_metadata" ("key" varchar NOT NULL PRIMARY KEY, "value" varchar, "created_at" datetime NOT NULL, "updated_at" datetime NOT NULL)[0m
  [1m[36mActiveRecord::InternalMetadata Load (0.2ms)[0m  [1m[34mSELECT  "ar_internal_metadata".* FROM "ar_internal_metadata" WHERE "ar_internal_metadata"."key" = ? LIMIT ?[0m  [["key", :environment], ["LIMIT", 1]]
  [1m[35m (0.1ms)[0m  [1m[36mbegin transaction[0m
  [1m[35mSQL (0.4ms)[0m  [1m[32mINSERT INTO "ar_internal_metadata" ("key", "value", "created_at", "updated_at") VALUES (?, ?, ?, ?)[0m  [["key", "environment"], ["value", "development"], ["created_at", 2017-04-11 04:06:38 UTC], ["updated_at", 2017-04-11 04:06:38 UTC]]
  [1m[35m (0.8ms)[0m  [1m[36mcommit transaction[0m
  [1m[36mActiveRecord::InternalMetadata Load (0.1ms)[0m  [1m[34mSELECT  "ar_internal_metadata".* FROM "ar_internal_metadata" WHERE "ar_internal_metadata"."key" = ? LIMIT ?[0m  [["key", :environment], ["LIMIT", 1]]
  [1m[35m (0.1ms)[0m  [1m[36mbegin transaction[0m
  [1m[35m (0.0ms)[0m  [1m[36mcommit transaction[0m
  [1m[35m (2.4ms)[0m  [1m[35mCREATE TABLE "items" ("id" INTEGER PRIMARY KEY AUTOINCREMENT NOT NULL, "task" varchar, "date" varchar, "time" integer, "priority" integer, "created_at" datetime NOT NULL, "updated_at" datetime NOT NULL)[0m
  [1m[35m (2.1ms)[0m  [1m[35mCREATE TABLE "schema_migrations" ("version" varchar NOT NULL PRIMARY KEY)[0m
  [1m[35m (0.2ms)[0m  [1m[34mSELECT version FROM "schema_migrations"[0m
  [1m[35m (1.9ms)[0m  [1m[32mINSERT INTO "schema_migrations" (version) VALUES (20170411020544)[0m
  [1m[35m (1.6ms)[0m  [1m[35mCREATE TABLE "ar_internal_metadata" ("key" varchar NOT NULL PRIMARY KEY, "value" varchar, "created_at" datetime NOT NULL, "updated_at" datetime NOT NULL)[0m
  [1m[36mActiveRecord::InternalMetadata Load (0.4ms)[0m  [1m[34mSELECT  "ar_internal_metadata".* FROM "ar_internal_metadata" WHERE "ar_internal_metadata"."key" = ? LIMIT ?[0m  [["key", :environment], ["LIMIT", 1]]
  [1m[35m (0.1ms)[0m  [1m[36mbegin transaction[0m
  [1m[35mSQL (0.4ms)[0m  [1m[32mINSERT INTO "ar_internal_metadata" ("key", "value", "created_at", "updated_at") VALUES (?, ?, ?, ?)[0m  [["key", "environment"], ["value", "development"], ["created_at", 2017-04-11 04:06:38 UTC], ["updated_at", 2017-04-11 04:06:38 UTC]]
  [1m[35m (0.9ms)[0m  [1m[36mcommit transaction[0m
  [1m[36mActiveRecord::InternalMetadata Load (0.1ms)[0m  [1m[34mSELECT  "ar_internal_metadata".* FROM "ar_internal_metadata" WHERE "ar_internal_metadata"."key" = ? LIMIT ?[0m  [["key", :environment], ["LIMIT", 1]]
  [1m[35m (0.1ms)[0m  [1m[36mbegin transaction[0m
  [1m[35m (0.1ms)[0m  [1m[36mcommit transaction[0m
  [1m[36mActiveRecord::SchemaMigration Load (0.7ms)[0m  [1m[34mSELECT "schema_migrations".* FROM "schema_migrations"[0m
  [1m[35m (0.1ms)[0m  [1m[36mbegin transaction[0m
  [1m[35mSQL (0.4ms)[0m  [1m[32mINSERT INTO "items" ("task", "date", "time", "priority", "created_at", "updated_at") VALUES (?, ?, ?, ?, ?, ?)[0m  [["task", "Get Milk"], ["date", "12/04/2017"], ["time", 12], ["priority", 1], ["created_at", 2017-04-11 04:06:38 UTC], ["updated_at", 2017-04-11 04:06:38 UTC]]
  [1m[35m (0.9ms)[0m  [1m[36mcommit transaction[0m
  [1m[35m (0.1ms)[0m  [1m[36mbegin transaction[0m
  [1m[35mSQL (0.4ms)[0m  [1m[32mINSERT INTO "items" ("task", "date", "time", "priority", "created_at", "updated_at") VALUES (?, ?, ?, ?, ?, ?)[0m  [["task", "Buy Ingredients"], ["date", "12/04/2017"], ["time", 13], ["priority", 4], ["created_at", 2017-04-11 04:06:38 UTC], ["updated_at", 2017-04-11 04:06:38 UTC]]
  [1m[35m (0.8ms)[0m  [1m[36mcommit transaction[0m
  [1m[35m (0.1ms)[0m  [1m[36mbegin transaction[0m
  [1m[35mSQL (0.3ms)[0m  [1m[32mINSERT INTO "items" ("task", "date", "time", "priority", "created_at", "updated_at") VALUES (?, ?, ?, ?, ?, ?)[0m  [["task", "Get Shawty"], ["date", "12/04/2017"], ["time", 15], ["priority", 3], ["created_at", 2017-04-11 04:06:38 UTC], ["updated_at", 2017-04-11 04:06:38 UTC]]
  [1m[35m (0.8ms)[0m  [1m[36mcommit transaction[0m
  [1m[35m (0.1ms)[0m  [1m[36mbegin transaction[0m
  [1m[35mSQL (0.4ms)[0m  [1m[32mINSERT INTO "items" ("task", "date", "time", "priority", "created_at", "updated_at") VALUES (?, ?, ?, ?, ?, ?)[0m  [["task", "Cook a bomb meal"], ["date", "12/04/2017"], ["time", 16], ["priority", 2], ["created_at", 2017-04-11 04:06:38 UTC], ["updated_at", 2017-04-11 04:06:38 UTC]]
  [1m[35m (0.9ms)[0m  [1m[36mcommit transaction[0m
  [1m[35m (0.1ms)[0m  [1m[36mbegin transaction[0m
  [1m[35mSQL (0.5ms)[0m  [1m[32mINSERT INTO "items" ("task", "date", "time", "priority", "created_at", "updated_at") VALUES (?, ?, ?, ?, ?, ?)[0m  [["task", "Get Lit"], ["date", "12/04/2017"], ["time", 20], ["priority", 4], ["created_at", 2017-04-11 04:06:38 UTC], ["updated_at", 2017-04-11 04:06:38 UTC]]
  [1m[35m (1.1ms)[0m  [1m[36mcommit transaction[0m
  [1m[35m (0.2ms)[0m  [1m[36mbegin transaction[0m
  [1m[35mSQL (0.4ms)[0m  [1m[32mINSERT INTO "items" ("task", "date", "time", "priority", "created_at", "updated_at") VALUES (?, ?, ?, ?, ?, ?)[0m  [["task", "Ride a GREAT stallion"], ["date", "16/04/2017"], ["time", 19], ["priority", 3], ["created_at", 2017-04-11 04:06:38 UTC], ["updated_at", 2017-04-11 04:06:38 UTC]]
  [1m[35m (0.9ms)[0m  [1m[36mcommit transaction[0m
Started GET "/items" for ::1 at 2017-04-11 14:06:46 +1000
  [1m[36mActiveRecord::SchemaMigration Load (0.2ms)[0m  [1m[34mSELECT "schema_migrations".* FROM "schema_migrations"[0m
Processing by ItemsController#index as HTML
  Rendering items/index.html.erb within layouts/application
  [1m[36mItem Load (0.4ms)[0m  [1m[34mSELECT "items".* FROM "items"[0m
  Rendered items/index.html.erb within layouts/application (22.2ms)
Completed 200 OK in 366ms (Views: 340.7ms | ActiveRecord: 1.0ms)


Started GET "/items" for ::1 at 2017-04-11 14:06:48 +1000
Processing by ItemsController#index as HTML
  Rendering items/index.html.erb within layouts/application
  [1m[36mItem Load (0.3ms)[0m  [1m[34mSELECT "items".* FROM "items"[0m
  Rendered items/index.html.erb within layouts/application (3.2ms)
Completed 200 OK in 37ms (Views: 33.9ms | ActiveRecord: 0.3ms)


Started GET "/items" for ::1 at 2017-04-11 14:07:01 +1000
  [1m[36mActiveRecord::SchemaMigration Load (0.2ms)[0m  [1m[34mSELECT "schema_migrations".* FROM "schema_migrations"[0m
Processing by ItemsController#index as HTML
  Rendering items/index.html.erb within layouts/application
  [1m[36mItem Load (0.2ms)[0m  [1m[34mSELECT "items".* FROM "items"[0m
  Rendered items/index.html.erb within layouts/application (23.4ms)
Started GET "/items" for ::1 at 2017-04-11 14:07:01 +1000
Processing by ItemsController#index as HTML
  Rendering items/index.html.erb within layouts/application
  [1m[36mItem Load (0.5ms)[0m  [1m[34mSELECT "items".* FROM "items"[0m
  Rendered items/index.html.erb within layouts/application (6.8ms)
Completed 200 OK in 417ms (Views: 391.6ms | ActiveRecord: 0.9ms)


Completed 200 OK in 59ms (Views: 52.6ms | ActiveRecord: 0.5ms)


Started GET "/list/index" for ::1 at 2017-04-11 14:07:50 +1000
Processing by ListController#index as HTML
  Rendering list/index.html.erb within layouts/application
  [1m[36mItem Load (0.4ms)[0m  [1m[34mSELECT "items".* FROM "items"[0m
  Rendered list/index.html.erb within layouts/application (12.5ms)
Completed 200 OK in 72ms (Views: 60.4ms | ActiveRecord: 1.2ms)


Started GET "/items/1" for ::1 at 2017-04-11 14:09:09 +1000
Processing by ItemsController#show as HTML
  Parameters: {"id"=>"1"}
  [1m[36mItem Load (0.4ms)[0m  [1m[34mSELECT  "items".* FROM "items" WHERE "items"."id" = ? LIMIT ?[0m  [["id", 1], ["LIMIT", 1]]
  Rendering items/show.html.erb within layouts/application
  Rendered items/show.html.erb within layouts/application (1.5ms)
Completed 200 OK in 56ms (Views: 44.1ms | ActiveRecord: 0.4ms)


Started GET "/list/index" for ::1 at 2017-04-11 14:11:18 +1000
Processing by ListController#index as HTML
  Rendering list/index.html.erb within layouts/application
  [1m[36mItem Load (0.6ms)[0m  [1m[34mSELECT "items".* FROM "items"[0m
  Rendered list/index.html.erb within layouts/application (7.9ms)
Completed 200 OK in 68ms (Views: 59.2ms | ActiveRecord: 0.6ms)


Started GET "/list/index" for ::1 at 2017-04-11 14:20:04 +1000
Processing by ListController#index as HTML
  Rendering list/index.html.erb within layouts/application
  [1m[36mItem Load (0.7ms)[0m  [1m[34mSELECT "items".* FROM "items"[0m
  Rendered list/index.html.erb within layouts/application (17.7ms)
Completed 200 OK in 80ms (Views: 67.7ms | ActiveRecord: 1.9ms)


Started GET "/list/index" for ::1 at 2017-04-11 14:22:14 +1000
Processing by ListController#index as HTML
  Rendering list/index.html.erb within layouts/application
  [1m[36mItem Load (1.3ms)[0m  [1m[34mSELECT "items".* FROM "items"[0m
  Rendered list/index.html.erb within layouts/application (464.8ms)
Completed 500 Internal Server Error in 488ms (ActiveRecord: 1.3ms)


  
ActionView::Template::Error (undefined local variable or method `item' for #<#<Class:0x007fba5e750600>:0x007fba5fc759e0>):
    11:     <td><%=todo[:date]%></td>
    12:     <td><%=todo[:time]%></td>
    13:     <td><%=todo[:priority]%></td>
    14:     <td><%= link_to 'Show', item %></td>
    15:     <td><%= link_to 'Edit', edit_item_path(item) %></td>
    16:     <td><%= link_to 'Destroy', item, method: :delete, data: { confirm: 'Are you sure?' } %></td>
    17:   </tr>
  
app/views/list/index.html.erb:14:in `block in _app_views_list_index_html_erb___752535835853633342_70219223773660'
app/views/list/index.html.erb:8:in `each'
app/views/list/index.html.erb:8:in `_app_views_list_index_html_erb___752535835853633342_70219223773660'
  Rendering /Users/vinny/.gem/ruby/2.4.0/gems/actionpack-5.0.2/lib/action_dispatch/middleware/templates/rescues/template_error.html.erb within rescues/layout
  Rendering /Users/vinny/.gem/ruby/2.4.0/gems/actionpack-5.0.2/lib/action_dispatch/middleware/templates/rescues/_source.html.erb
  Rendered /Users/vinny/.gem/ruby/2.4.0/gems/actionpack-5.0.2/lib/action_dispatch/middleware/templates/rescues/_source.html.erb (17.7ms)
  Rendering /Users/vinny/.gem/ruby/2.4.0/gems/actionpack-5.0.2/lib/action_dispatch/middleware/templates/rescues/_trace.html.erb
  Rendered /Users/vinny/.gem/ruby/2.4.0/gems/actionpack-5.0.2/lib/action_dispatch/middleware/templates/rescues/_trace.html.erb (4.3ms)
  Rendering /Users/vinny/.gem/ruby/2.4.0/gems/actionpack-5.0.2/lib/action_dispatch/middleware/templates/rescues/_request_and_response.html.erb
  Rendered /Users/vinny/.gem/ruby/2.4.0/gems/actionpack-5.0.2/lib/action_dispatch/middleware/templates/rescues/_request_and_response.html.erb (1.4ms)
  Rendered /Users/vinny/.gem/ruby/2.4.0/gems/actionpack-5.0.2/lib/action_dispatch/middleware/templates/rescues/template_error.html.erb within rescues/layout (102.9ms)
Started GET "/list/index" for ::1 at 2017-04-11 14:22:16 +1000
Processing by ListController#index as HTML
  Rendering list/index.html.erb within layouts/application
  [1m[36mItem Load (0.2ms)[0m  [1m[34mSELECT "items".* FROM "items"[0m
  Rendered list/index.html.erb within layouts/application (358.4ms)
Completed 500 Internal Server Error in 368ms (ActiveRecord: 0.2ms)


  
ActionView::Template::Error (undefined local variable or method `item' for #<#<Class:0x007fba5e750600>:0x007fba5e3dd928>):
    11:     <td><%=todo[:date]%></td>
    12:     <td><%=todo[:time]%></td>
    13:     <td><%=todo[:priority]%></td>
    14:     <td><%= link_to 'Show', item %></td>
    15:     <td><%= link_to 'Edit', edit_item_path(item) %></td>
    16:     <td><%= link_to 'Destroy', item, method: :delete, data: { confirm: 'Are you sure?' } %></td>
    17:   </tr>
  
app/views/list/index.html.erb:14:in `block in _app_views_list_index_html_erb___752535835853633342_70219210679580'
app/views/list/index.html.erb:8:in `each'
app/views/list/index.html.erb:8:in `_app_views_list_index_html_erb___752535835853633342_70219210679580'
  Rendering /Users/vinny/.gem/ruby/2.4.0/gems/actionpack-5.0.2/lib/action_dispatch/middleware/templates/rescues/template_error.html.erb within rescues/layout
  Rendering /Users/vinny/.gem/ruby/2.4.0/gems/actionpack-5.0.2/lib/action_dispatch/middleware/templates/rescues/_source.html.erb
  Rendered /Users/vinny/.gem/ruby/2.4.0/gems/actionpack-5.0.2/lib/action_dispatch/middleware/templates/rescues/_source.html.erb (14.7ms)
  Rendering /Users/vinny/.gem/ruby/2.4.0/gems/actionpack-5.0.2/lib/action_dispatch/middleware/templates/rescues/_trace.html.erb
  Rendered /Users/vinny/.gem/ruby/2.4.0/gems/actionpack-5.0.2/lib/action_dispatch/middleware/templates/rescues/_trace.html.erb (3.6ms)
  Rendering /Users/vinny/.gem/ruby/2.4.0/gems/actionpack-5.0.2/lib/action_dispatch/middleware/templates/rescues/_request_and_response.html.erb
  Rendered /Users/vinny/.gem/ruby/2.4.0/gems/actionpack-5.0.2/lib/action_dispatch/middleware/templates/rescues/_request_and_response.html.erb (1.5ms)
  Rendered /Users/vinny/.gem/ruby/2.4.0/gems/actionpack-5.0.2/lib/action_dispatch/middleware/templates/rescues/template_error.html.erb within rescues/layout (104.2ms)
Started GET "/list/index" for ::1 at 2017-04-11 14:23:46 +1000
Processing by ListController#index as HTML
  Rendering list/index.html.erb within layouts/application
  [1m[36mItem Load (1.3ms)[0m  [1m[34mSELECT "items".* FROM "items"[0m
  Rendered list/index.html.erb within layouts/application (25.2ms)
Completed 200 OK in 142ms (Views: 130.9ms | ActiveRecord: 1.3ms)


Started GET "/list/index" for ::1 at 2017-04-11 14:24:33 +1000
Processing by ListController#index as HTML
  Rendering list/index.html.erb within layouts/application
  [1m[36mItem Load (0.4ms)[0m  [1m[34mSELECT "items".* FROM "items"[0m
  Rendered list/index.html.erb within layouts/application (6.2ms)
Completed 200 OK in 76ms (Views: 69.6ms | ActiveRecord: 0.4ms)


